-------------------------------------------------------------------------------
Test set: com.example.demoRMI.DemoRmiApplicationTests
-------------------------------------------------------------------------------
Tests run: 1, Failures: 0, Errors: 1, Skipped: 0, Time elapsed: 2.272 s <<< FAILURE! -- in com.example.demoRMI.DemoRmiApplicationTests
com.example.demoRMI.DemoRmiApplicationTests -- Time elapsed: 2.272 s <<< ERROR!
org.springframework.beans.factory.BeanDefinitionStoreException: Failed to read candidate component class: file [D:\eclipse workspace\demoRMI\target\classes\com\example\demoRMI\DemoRmiApplication.class]
	at org.springframework.context.annotation.ClassPathScanningCandidateComponentProvider.findCandidateComponents(ClassPathScanningCandidateComponentProvider.java:311)
	at org.springframework.boot.test.context.AnnotatedClassFinder.scanPackage(AnnotatedClassFinder.java:90)
	at org.springframework.boot.test.context.AnnotatedClassFinder.findFromPackage(AnnotatedClassFinder.java:82)
	at org.springframework.boot.test.context.AnnotatedClassFinder.findFromClass(AnnotatedClassFinder.java:68)
	at org.springframework.boot.test.context.SpringBootTestContextBootstrapper.findConfigurationClass(SpringBootTestContextBootstrapper.java:245)
	at org.springframework.boot.test.context.SpringBootTestContextBootstrapper.getOrFindConfigurationClasses(SpringBootTestContextBootstrapper.java:233)
	at org.springframework.boot.test.context.SpringBootTestContextBootstrapper.processMergedContextConfiguration(SpringBootTestContextBootstrapper.java:150)
	at org.springframework.test.context.support.AbstractTestContextBootstrapper.buildMergedContextConfiguration(AbstractTestContextBootstrapper.java:351)
	at org.springframework.test.context.support.AbstractTestContextBootstrapper.buildDefaultMergedContextConfiguration(AbstractTestContextBootstrapper.java:267)
	at org.springframework.test.context.support.AbstractTestContextBootstrapper.buildMergedContextConfiguration(AbstractTestContextBootstrapper.java:215)
	at org.springframework.test.context.support.AbstractTestContextBootstrapper.buildTestContext(AbstractTestContextBootstrapper.java:108)
	at org.springframework.boot.test.context.SpringBootTestContextBootstrapper.buildTestContext(SpringBootTestContextBootstrapper.java:111)
	at org.springframework.test.context.TestContextManager.<init>(TestContextManager.java:142)
	at org.springframework.test.context.TestContextManager.<init>(TestContextManager.java:126)
	at org.springframework.test.context.junit.jupiter.SpringExtension.getTestContextManager(SpringExtension.java:366)
	at org.springframework.test.context.junit.jupiter.SpringExtension.beforeAll(SpringExtension.java:131)
	at java.base/java.util.ArrayList.forEach(ArrayList.java:1511)
Caused by: org.springframework.core.annotation.AnnotationConfigurationException: Attribute 'proxyBeanMethods' in annotation [org.springframework.boot.autoconfigure.SpringBootApplication] is declared as an @AliasFor nonexistent attribute 'proxyBeanMethods' in annotation [org.springframework.context.annotation.Configuration].
	at org.springframework.core.annotation.AnnotationTypeMapping.resolveAliasTarget(AnnotationTypeMapping.java:184)
	at org.springframework.core.annotation.AnnotationTypeMapping.resolveAliasTarget(AnnotationTypeMapping.java:155)
	at org.springframework.core.annotation.AnnotationTypeMapping.resolveAliasedForTargets(AnnotationTypeMapping.java:147)
	at org.springframework.core.annotation.AnnotationTypeMapping.<init>(AnnotationTypeMapping.java:123)
	at org.springframework.core.annotation.AnnotationTypeMappings.addIfPossible(AnnotationTypeMappings.java:118)
	at org.springframework.core.annotation.AnnotationTypeMappings.addAllMappings(AnnotationTypeMappings.java:80)
	at org.springframework.core.annotation.AnnotationTypeMappings.<init>(AnnotationTypeMappings.java:72)
	at org.springframework.core.annotation.AnnotationTypeMappings$Cache.createMappings(AnnotationTypeMappings.java:278)
	at org.springframework.core.annotation.AnnotationTypeMappings$Cache.lambda$get$0(AnnotationTypeMappings.java:273)
	at java.base/java.util.concurrent.ConcurrentMap.computeIfAbsent(ConcurrentMap.java:330)
	at org.springframework.core.annotation.AnnotationTypeMappings$Cache.get(AnnotationTypeMappings.java:273)
	at org.springframework.core.annotation.AnnotationTypeMappings.forAnnotationType(AnnotationTypeMappings.java:226)
	at org.springframework.core.annotation.AnnotationTypeMappings.forAnnotationType(AnnotationTypeMappings.java:189)
	at org.springframework.core.annotation.AnnotationTypeMappings.forAnnotationType(AnnotationTypeMappings.java:175)
	at org.springframework.core.annotation.TypeMappedAnnotation.of(TypeMappedAnnotation.java:616)
	at org.springframework.core.annotation.MergedAnnotation.of(MergedAnnotation.java:612)
	at org.springframework.core.type.classreading.MergedAnnotationReadingVisitor.visitEnd(MergedAnnotationReadingVisitor.java:98)
	at org.springframework.asm.ClassReader.readElementValues(ClassReader.java:3022)
	at org.springframework.asm.ClassReader.accept(ClassReader.java:610)
	at org.springframework.asm.ClassReader.accept(ClassReader.java:426)
	at org.springframework.core.type.classreading.SimpleMetadataReader.<init>(SimpleMetadataReader.java:48)
	at org.springframework.core.type.classreading.SimpleMetadataReaderFactory.getMetadataReader(SimpleMetadataReaderFactory.java:103)
	at org.springframework.core.type.classreading.CachingMetadataReaderFactory.getMetadataReader(CachingMetadataReaderFactory.java:131)
	at org.springframework.context.annotation.ClassPathScanningCandidateComponentProvider.findCandidateComponents(ClassPathScanningCandidateComponentProvider.java:287)
	... 16 more

